<coverage line-rate="0.003933136676499509" branch-rate="0.0010460251046025104" lines-covered="12" lines-valid="3051" branches-covered="2" branches-valid="1912" complexity="1.4711538461538463" version="2.1.1" timestamp="1632985231552">
  <sources>
    <source>
      /src/java
    </source>
  </sources>
  <packages>
    <package name="" line-rate="0.0" branch-rate="0.0" complexity="0.0">
      <classes>
        <class name="Searchable" filename="Searchable.groovy" line-rate="0.0" branch-rate="1.0" complexity="0.0">
          <methods>
            <method name="run" signature="()Ljava/lang/Object;" line-rate="0.0" branch-rate="1.0" complexity="0">
              <lines>
                <line number="28" hits="0" branch="false"/>
                <line number="191" hits="0" branch="false"/>
              </lines>
            </method>
          </methods>
          <lines>
            <line number="28" hits="0" branch="false"/>
            <line number="191" hits="0" branch="false"/>
          </lines>
        </class>
        <class name="Searchable$_run_closure1" filename="Searchable.groovy" line-rate="0.0" branch-rate="1.0" complexity="0.0">
          <methods>
            <method name="doCall" signature="(Ljava/lang/Object;)Ljava/lang/Object;" line-rate="0.0" branch-rate="1.0" complexity="0">
              <lines>
                <line number="38" hits="0" branch="false"/>
                <line number="39" hits="0" branch="false"/>
                <line number="67" hits="0" branch="false"/>
                <line number="103" hits="0" branch="false"/>
                <line number="116" hits="0" branch="false"/>
                <line number="147" hits="0" branch="false"/>
                <line number="169" hits="0" branch="false"/>
                <line number="182" hits="0" branch="false"/>
                <line number="187" hits="0" branch="false"/>
              </lines>
            </method>
          </methods>
          <lines>
            <line number="38" hits="0" branch="false"/>
            <line number="39" hits="0" branch="false"/>
            <line number="67" hits="0" branch="false"/>
            <line number="103" hits="0" branch="false"/>
            <line number="116" hits="0" branch="false"/>
            <line number="147" hits="0" branch="false"/>
            <line number="169" hits="0" branch="false"/>
            <line number="182" hits="0" branch="false"/>
            <line number="187" hits="0" branch="false"/>
          </lines>
        </class>
        <class name="Searchable$_run_closure2" filename="Searchable.groovy" line-rate="0.0" branch-rate="1.0" complexity="0.0">
          <methods>
            <method name="doCall" signature="(Ljava/lang/Object;)Ljava/lang/Object;" line-rate="0.0" branch-rate="1.0" complexity="0">
              <lines>
                <line number="192" hits="0" branch="false"/>
                <line number="198" hits="0" branch="false"/>
                <line number="208" hits="0" branch="false"/>
              </lines>
            </method>
          </methods>
          <lines>
            <line number="192" hits="0" branch="false"/>
            <line number="198" hits="0" branch="false"/>
            <line number="208" hits="0" branch="false"/>
          </lines>
        </class>
        <class name="Searchable$_run_closure2$_closure3" filename="Searchable.groovy" line-rate="0.0" branch-rate="1.0" complexity="0.0">
          <methods>
            <method name="doCall" signature="(Ljava/lang/Object;)Ljava/lang/Object;" line-rate="0.0" branch-rate="1.0" complexity="0">
              <lines>
                <line number="193" hits="0" branch="false"/>
              </lines>
            </method>
          </methods>
          <lines>
            <line number="193" hits="0" branch="false"/>
          </lines>
        </class>
        <class name="Searchable$_run_closure2$_closure3$_closure6" filename="Searchable.groovy" line-rate="0.0" branch-rate="1.0" complexity="0.0">
          <methods>
            <method name="doCall" signature="(Ljava/lang/Object;)Ljava/lang/Object;" line-rate="0.0" branch-rate="1.0" complexity="0">
              <lines>
                <line number="193" hits="0" branch="false"/>
              </lines>
            </method>
          </methods>
          <lines>
            <line number="193" hits="0" branch="false"/>
          </lines>
        </class>
        <class name="Searchable$_run_closure2$_closure4" filename="Searchable.groovy" line-rate="0.0" branch-rate="1.0" complexity="0.0">
          <methods>
            <method name="doCall" signature="(Ljava/lang/Object;)Ljava/lang/Object;" line-rate="0.0" branch-rate="1.0" complexity="0">
              <lines>
                <line number="199" hits="0" branch="false"/>
              </lines>
            </method>
          </methods>
          <lines>
            <line number="199" hits="0" branch="false"/>
          </lines>
        </class>
        <class name="Searchable$_run_closure2$_closure4$_closure7" filename="Searchable.groovy" line-rate="0.0" branch-rate="1.0" complexity="0.0">
          <methods>
            <method name="doCall" signature="(Ljava/lang/Object;)Ljava/lang/Object;" line-rate="0.0" branch-rate="1.0" complexity="0">
              <lines>
                <line number="201" hits="0" branch="false"/>
              </lines>
            </method>
          </methods>
          <lines>
            <line number="201" hits="0" branch="false"/>
          </lines>
        </class>
        <class name="Searchable$_run_closure2$_closure5" filename="Searchable.groovy" line-rate="0.0" branch-rate="1.0" complexity="0.0">
          <methods>
            <method name="doCall" signature="(Ljava/lang/Object;)Ljava/lang/Object;" line-rate="0.0" branch-rate="1.0" complexity="0">
              <lines>
                <line number="209" hits="0" branch="false"/>
              </lines>
            </method>
          </methods>
          <lines>
            <line number="209" hits="0" branch="false"/>
          </lines>
        </class>
        <class name="Searchable$_run_closure2$_closure5$_closure8" filename="Searchable.groovy" line-rate="0.0" branch-rate="1.0" complexity="0.0">
          <methods>
            <method name="doCall" signature="(Ljava/lang/Object;)Ljava/lang/Object;" line-rate="0.0" branch-rate="1.0" complexity="0">
              <lines>
                <line number="209" hits="0" branch="false"/>
              </lines>
            </method>
          </methods>
          <lines>
            <line number="209" hits="0" branch="false"/>
          </lines>
        </class>
        <class name="gsp_console_console_css_gsp" filename="gsp_console_console_css_gsp.groovy" line-rate="0.0" branch-rate="1.0" complexity="0.0">
          <methods>
            <method name="&lt;clinit&gt;" signature="()V" line-rate="0.0" branch-rate="1.0" complexity="0">
              <lines>
                <line number="31" hits="0" branch="false"/>
              </lines>
            </method>
            <method name="getGroovyPageFileName" signature="()Ljava/lang/String;" line-rate="0.0" branch-rate="1.0" complexity="0">
              <lines>
                <line number="10" hits="0" branch="false"/>
              </lines>
            </method>
            <method name="init" signature="()V" line-rate="0.0" branch-rate="1.0" complexity="0">
              <lines>
                <line number="33" hits="0" branch="false"/>
              </lines>
            </method>
            <method name="run" signature="()Ljava/lang/Object;" line-rate="0.0" branch-rate="1.0" complexity="0">
              <lines>
                <line number="12" hits="0" branch="false"/>
                <line number="13" hits="0" branch="false"/>
                <line number="14" hits="0" branch="false"/>
                <line number="15" hits="0" branch="false"/>
                <line number="16" hits="0" branch="false"/>
                <line number="17" hits="0" branch="false"/>
                <line number="18" hits="0" branch="false"/>
                <line number="19" hits="0" branch="false"/>
                <line number="20" hits="0" branch="false"/>
                <line number="21" hits="0" branch="false"/>
                <line number="22" hits="0" branch="false"/>
                <line number="23" hits="0" branch="false"/>
                <line number="24" hits="0" branch="false"/>
                <line number="25" hits="0" branch="false"/>
                <line number="26" hits="0" branch="false"/>
                <line number="27" hits="0" branch="false"/>
                <line number="28" hits="0" branch="false"/>
                <line number="29" hits="0" branch="false"/>
              </lines>
            </method>
          </methods>
          <lines>
            <line number="10" hits="0" branch="false"/>
            <line number="12" hits="0" branch="false"/>
            <line number="13" hits="0" branch="false"/>
            <line number="14" hits="0" branch="false"/>
            <line number="15" hits="0" branch="false"/>
            <line number="16" hits="0" branch="false"/>
            <line number="17" hits="0" branch="false"/>
            <line number="18" hits="0" branch="false"/>
            <line number="19" hits="0" branch="false"/>
            <line number="20" hits="0" branch="false"/>
            <line number="21" hits="0" branch="false"/>
            <line number="22" hits="0" branch="false"/>
            <line number="23" hits="0" branch="false"/>
            <line number="24" hits="0" branch="false"/>
            <line number="25" hits="0" branch="false"/>
            <line number="26" hits="0" branch="false"/>
            <line number="27" hits="0" branch="false"/>
            <line number="28" hits="0" branch="false"/>
            <line number="29" hits="0" branch="false"/>
            <line number="31" hits="0" branch="false"/>
            <line number="33" hits="0" branch="false"/>
          </lines>
        </class>
        <class name="gsp_console_console_favicon_gsp" filename="gsp_console_console_favicon_gsp.groovy" line-rate="0.0" branch-rate="1.0" complexity="0.0">
          <methods>
            <method name="&lt;clinit&gt;" signature="()V" line-rate="0.0" branch-rate="1.0" complexity="0">
              <lines>
                <line number="19" hits="0" branch="false"/>
              </lines>
            </method>
            <method name="getGroovyPageFileName" signature="()Ljava/lang/String;" line-rate="0.0" branch-rate="1.0" complexity="0">
              <lines>
                <line number="10" hits="0" branch="false"/>
              </lines>
            </method>
            <method name="init" signature="()V" line-rate="0.0" branch-rate="1.0" complexity="0">
              <lines>
                <line number="21" hits="0" branch="false"/>
              </lines>
            </method>
            <method name="run" signature="()Ljava/lang/Object;" line-rate="0.0" branch-rate="1.0" complexity="0">
              <lines>
                <line number="12" hits="0" branch="false"/>
                <line number="13" hits="0" branch="false"/>
                <line number="14" hits="0" branch="false"/>
                <line number="15" hits="0" branch="false"/>
                <line number="16" hits="0" branch="false"/>
                <line number="17" hits="0" branch="false"/>
              </lines>
            </method>
          </methods>
          <lines>
            <line number="10" hits="0" branch="false"/>
            <line number="12" hits="0" branch="false"/>
            <line number="13" hits="0" branch="false"/>
            <line number="14" hits="0" branch="false"/>
            <line number="15" hits="0" branch="false"/>
            <line number="16" hits="0" branch="false"/>
            <line number="17" hits="0" branch="false"/>
            <line number="19" hits="0" branch="false"/>
            <line number="21" hits="0" branch="false"/>
          </lines>
        </class>
        <class name="gsp_console_console_js_gsp" filename="gsp_console_console_js_gsp.groovy" line-rate="0.0" branch-rate="1.0" complexity="0.0">
          <methods>
            <method name="&lt;clinit&gt;" signature="()V" line-rate="0.0" branch-rate="1.0" complexity="0">
              <lines>
                <line number="19" hits="0" branch="false"/>
              </lines>
            </method>
            <method name="getGroovyPageFileName" signature="()Ljava/lang/String;" line-rate="0.0" branch-rate="1.0" complexity="0">
              <lines>
                <line number="10" hits="0" branch="false"/>
              </lines>
            </method>
            <method name="init" signature="()V" line-rate="0.0" branch-rate="1.0" complexity="0">
              <lines>
                <line number="21" hits="0" branch="false"/>
              </lines>
            </method>
            <method name="run" signature="()Ljava/lang/Object;" line-rate="0.0" branch-rate="1.0" complexity="0">
              <lines>
                <line number="12" hits="0" branch="false"/>
                <line number="13" hits="0" branch="false"/>
                <line number="14" hits="0" branch="false"/>
                <line number="15" hits="0" branch="false"/>
                <line number="16" hits="0" branch="false"/>
                <line number="17" hits="0" branch="false"/>
              </lines>
            </method>
          </methods>
          <lines>
            <line number="10" hits="0" branch="false"/>
            <line number="12" hits="0" branch="false"/>
            <line number="13" hits="0" branch="false"/>
            <line number="14" hits="0" branch="false"/>
            <line number="15" hits="0" branch="false"/>
            <line number="16" hits="0" branch="false"/>
            <line number="17" hits="0" branch="false"/>
            <line number="19" hits="0" branch="false"/>
            <line number="21" hits="0" branch="false"/>
          </lines>
        </class>
        <class name="gsp_console_consoleindex_gsp" filename="gsp_console_consoleindex_gsp.groovy" line-rate="0.0" branch-rate="1.0" complexity="0.0">
          <methods>
            <method name="&lt;clinit&gt;" signature="()V" line-rate="0.0" branch-rate="1.0" complexity="0">
              <lines>
                <line number="47" hits="0" branch="false"/>
              </lines>
            </method>
            <method name="getGroovyPageFileName" signature="()Ljava/lang/String;" line-rate="0.0" branch-rate="1.0" complexity="0">
              <lines>
                <line number="11" hits="0" branch="false"/>
              </lines>
            </method>
            <method name="init" signature="()V" line-rate="0.0" branch-rate="1.0" complexity="0">
              <lines>
                <line number="49" hits="0" branch="false"/>
              </lines>
            </method>
            <method name="run" signature="()Ljava/lang/Object;" line-rate="0.0" branch-rate="1.0" complexity="0">
              <lines>
                <line number="13" hits="0" branch="false"/>
                <line number="14" hits="0" branch="false"/>
                <line number="15" hits="0" branch="false"/>
                <line number="16" hits="0" branch="false"/>
                <line number="17" hits="0" branch="false"/>
                <line number="18" hits="0" branch="false"/>
                <line number="35" hits="0" branch="false"/>
                <line number="36" hits="0" branch="false"/>
                <line number="37" hits="0" branch="false"/>
                <line number="44" hits="0" branch="false"/>
                <line number="45" hits="0" branch="false"/>
              </lines>
            </method>
          </methods>
          <lines>
            <line number="11" hits="0" branch="false"/>
            <line number="13" hits="0" branch="false"/>
            <line number="14" hits="0" branch="false"/>
            <line number="15" hits="0" branch="false"/>
            <line number="16" hits="0" branch="false"/>
            <line number="17" hits="0" branch="false"/>
            <line number="18" hits="0" branch="false"/>
            <line number="35" hits="0" branch="false"/>
            <line number="36" hits="0" branch="false"/>
            <line number="37" hits="0" branch="false"/>
            <line number="44" hits="0" branch="false"/>
            <line number="45" hits="0" branch="false"/>
            <line number="47" hits="0" branch="false"/>
            <line number="49" hits="0" branch="false"/>
          </lines>
        </class>
        <class name="gsp_console_consoleindex_gsp$_run_closure1" filename="gsp_console_consoleindex_gsp.groovy" line-rate="0.0" branch-rate="0.0" complexity="0.0">
          <methods>
            <method name="doCall" signature="()Ljava/lang/Object;" line-rate="0.0" branch-rate="0.0" complexity="0">
              <lines>
                <line number="19" hits="0" branch="false"/>
                <line number="20" hits="0" branch="false"/>
                <line number="24" hits="0" branch="false"/>
                <line number="25" hits="0" branch="false"/>
                <line number="26" hits="0" branch="false"/>
                <line number="27" hits="0" branch="false"/>
                <line number="28" hits="0" branch="false"/>
                <line number="29" hits="0" branch="false"/>
                <line number="30" hits="0" branch="false"/>
                <line number="31" hits="0" branch="false"/>
                <line number="32" hits="0" branch="true" condition-coverage="0% (0/2)">
                  <conditions>
                    <condition number="0" type="jump" coverage="0%"/>
                  </conditions>
                </line>
                <line number="33" hits="0" branch="false"/>
              </lines>
            </method>
          </methods>
          <lines>
            <line number="19" hits="0" branch="false"/>
            <line number="20" hits="0" branch="false"/>
            <line number="24" hits="0" branch="false"/>
            <line number="25" hits="0" branch="false"/>
            <line number="26" hits="0" branch="false"/>
            <line number="27" hits="0" branch="false"/>
            <line number="28" hits="0" branch="false"/>
            <line number="29" hits="0" branch="false"/>
            <line number="30" hits="0" branch="false"/>
            <line number="31" hits="0" branch="false"/>
            <line number="32" hits="0" branch="true" condition-coverage="0% (0/2)">
              <conditions>
                <condition number="0" type="jump" coverage="0%"/>
              </conditions>
            </line>
            <line number="33" hits="0" branch="false"/>
          </lines>
        </class>
        <class name="gsp_console_consoleindex_gsp$_run_closure1$_closure3" filename="gsp_console_consoleindex_gsp.groovy" line-rate="0.0" branch-rate="1.0" complexity="0.0">
          <methods>
            <method name="doCall" signature="()Ljava/lang/Object;" line-rate="0.0" branch-rate="1.0" complexity="0">
              <lines>
                <line number="21" hits="0" branch="false"/>
                <line number="22" hits="0" branch="false"/>
              </lines>
            </method>
          </methods>
          <lines>
            <line number="21" hits="0" branch="false"/>
            <line number="22" hits="0" branch="false"/>
          </lines>
        </class>
        <class name="gsp_console_consoleindex_gsp$_run_closure2" filename="gsp_console_consoleindex_gsp.groovy" line-rate="0.0" branch-rate="1.0" complexity="0.0">
          <methods>
            <method name="doCall" signature="()Ljava/lang/Object;" line-rate="0.0" branch-rate="1.0" complexity="0">
              <lines>
                <line number="38" hits="0" branch="false"/>
                <line number="39" hits="0" branch="false"/>
                <line number="40" hits="0" branch="false"/>
                <line number="41" hits="0" branch="false"/>
                <line number="42" hits="0" branch="false"/>
              </lines>
            </method>
          </methods>
          <lines>
            <line number="38" hits="0" branch="false"/>
            <line number="39" hits="0" branch="false"/>
            <line number="40" hits="0" branch="false"/>
            <line number="41" hits="0" branch="false"/>
            <line number="42" hits="0" branch="false"/>
          </lines>
        </class>
        <class name="gsp_console_layoutsconsole_plugin_layout_gsp" filename="gsp_console_layoutsconsole_plugin_layout_gsp.groovy" line-rate="0.0" branch-rate="1.0" complexity="0.0">
          <methods>
            <method name="&lt;clinit&gt;" signature="()V" line-rate="0.0" branch-rate="1.0" complexity="0">
              <lines>
                <line number="31" hits="0" branch="false"/>
              </lines>
            </method>
            <method name="getGroovyPageFileName" signature="()Ljava/lang/String;" line-rate="0.0" branch-rate="1.0" complexity="0">
              <lines>
                <line number="10" hits="0" branch="false"/>
              </lines>
            </method>
            <method name="init" signature="()V" line-rate="0.0" branch-rate="1.0" complexity="0">
              <lines>
                <line number="33" hits="0" branch="false"/>
              </lines>
            </method>
            <method name="run" signature="()Ljava/lang/Object;" line-rate="0.0" branch-rate="1.0" complexity="0">
              <lines>
                <line number="12" hits="0" branch="false"/>
                <line number="13" hits="0" branch="false"/>
                <line number="14" hits="0" branch="false"/>
                <line number="15" hits="0" branch="false"/>
                <line number="16" hits="0" branch="false"/>
                <line number="21" hits="0" branch="false"/>
                <line number="22" hits="0" branch="false"/>
                <line number="23" hits="0" branch="false"/>
                <line number="28" hits="0" branch="false"/>
                <line number="29" hits="0" branch="false"/>
              </lines>
            </method>
          </methods>
          <lines>
            <line number="10" hits="0" branch="false"/>
            <line number="12" hits="0" branch="false"/>
            <line number="13" hits="0" branch="false"/>
            <line number="14" hits="0" branch="false"/>
            <line number="15" hits="0" branch="false"/>
            <line number="16" hits="0" branch="false"/>
            <line number="21" hits="0" branch="false"/>
            <line number="22" hits="0" branch="false"/>
            <line number="23" hits="0" branch="false"/>
            <line number="28" hits="0" branch="false"/>
            <line number="29" hits="0" branch="false"/>
            <line number="31" hits="0" branch="false"/>
            <line number="33" hits="0" branch="false"/>
          </lines>
        </class>
        <class name="gsp_console_layoutsconsole_plugin_layout_gsp$_run_closure1" filename="gsp_console_layoutsconsole_plugin_layout_gsp.groovy" line-rate="0.0" branch-rate="1.0" complexity="0.0">
          <methods>
            <method name="doCall" signature="()Ljava/lang/Object;" line-rate="0.0" branch-rate="1.0" complexity="0">
              <lines>
                <line number="17" hits="0" branch="false"/>
                <line number="18" hits="0" branch="false"/>
                <line number="19" hits="0" branch="false"/>
              </lines>
            </method>
          </methods>
          <lines>
            <line number="17" hits="0" branch="false"/>
            <line number="18" hits="0" branch="false"/>
            <line number="19" hits="0" branch="false"/>
          </lines>
        </class>
        <class name="gsp_console_layoutsconsole_plugin_layout_gsp$_run_closure2" filename="gsp_console_layoutsconsole_plugin_layout_gsp.groovy" line-rate="0.0" branch-rate="1.0" complexity="0.0">
          <methods>
            <method name="doCall" signature="()Ljava/lang/Object;" line-rate="0.0" branch-rate="1.0" complexity="0">
              <lines>
                <line number="24" hits="0" branch="false"/>
                <line number="25" hits="0" branch="false"/>
                <line number="26" hits="0" branch="false"/>
              </lines>
            </method>
          </methods>
          <lines>
            <line number="24" hits="0" branch="false"/>
            <line number="25" hits="0" branch="false"/>
            <line number="26" hits="0" branch="false"/>
          </lines>
        </class>
        <class name="gsp_databaseMigration_dbdoc_globalnav_gsp" filename="gsp_databaseMigration_dbdoc_globalnav_gsp.groovy" line-rate="0.0" branch-rate="1.0" complexity="0.0">
          <methods>
            <method name="&lt;clinit&gt;" signature="()V" line-rate="0.0" branch-rate="1.0" complexity="0">
              <lines>
                <line number="47" hits="0" branch="false"/>
              </lines>
            </method>
            <method name="getGroovyPageFileName" signature="()Ljava/lang/String;" line-rate="0.0" branch-rate="1.0" complexity="0">
              <lines>
                <line number="10" hits="0" branch="false"/>
              </lines>
            </method>
            <method name="init" signature="()V" line-rate="0.0" branch-rate="1.0" complexity="0">
              <lines>
                <line number="49" hits="0" branch="false"/>
              </lines>
            </method>
            <method name="run" signature="()Ljava/lang/Object;" line-rate="0.0" branch-rate="1.0" complexity="0">
              <lines>
                <line number="12" hits="0" branch="false"/>
                <line number="13" hits="0" branch="false"/>
                <line number="14" hits="0" branch="false"/>
                <line number="15" hits="0" branch="false"/>
                <line number="16" hits="0" branch="false"/>
                <line number="27" hits="0" branch="false"/>
                <line number="28" hits="0" branch="false"/>
                <line number="29" hits="0" branch="false"/>
                <line number="44" hits="0" branch="false"/>
                <line number="45" hits="0" branch="false"/>
              </lines>
            </method>
          </methods>
          <lines>
            <line number="10" hits="0" branch="false"/>
            <line number="12" hits="0" branch="false"/>
            <line number="13" hits="0" branch="false"/>
            <line number="14" hits="0" branch="false"/>
            <line number="15" hits="0" branch="false"/>
            <line number="16" hits="0" branch="false"/>
            <line number="27" hits="0" branch="false"/>
            <line number="28" hits="0" branch="false"/>
            <line number="29" hits="0" branch="false"/>
            <line number="44" hits="0" branch="false"/>
            <line number="45" hits="0" branch="false"/>
            <line number="47" hits="0" branch="false"/>
            <line number="49" hits="0" branch="false"/>
          </lines>
        </class>
        <class name="gsp_databaseMigration_dbdoc_globalnav_gsp$_run_closure1" filename="gsp_databaseMigration_dbdoc_globalnav_gsp.groovy" line-rate="0.0" branch-rate="1.0" complexity="0.0">
          <methods>
            <method name="doCall" signature="()Ljava/lang/Object;" line-rate="0.0" branch-rate="1.0" complexity="0">
              <lines>
                <line number="17" hits="0" branch="false"/>
                <line number="18" hits="0" branch="false"/>
                <line number="22" hits="0" branch="false"/>
                <line number="23" hits="0" branch="false"/>
                <line number="24" hits="0" branch="false"/>
                <line number="25" hits="0" branch="false"/>
              </lines>
            </method>
          </methods>
          <lines>
            <line number="17" hits="0" branch="false"/>
            <line number="18" hits="0" branch="false"/>
            <line number="22" hits="0" branch="false"/>
            <line number="23" hits="0" branch="false"/>
            <line number="24" hits="0" branch="false"/>
            <line number="25" hits="0" branch="false"/>
          </lines>
        </class>
        <class name="gsp_databaseMigration_dbdoc_globalnav_gsp$_run_closure1$_closure3" filename="gsp_databaseMigration_dbdoc_globalnav_gsp.groovy" line-rate="0.0" branch-rate="1.0" complexity="0.0">
          <methods>
            <method name="doCall" signature="()Ljava/lang/Object;" line-rate="0.0" branch-rate="1.0" complexity="0">
              <lines>
                <line number="19" hits="0" branch="false"/>
                <line number="20" hits="0" branch="false"/>
              </lines>
            </method>
          </methods>
          <lines>
            <line number="19" hits="0" branch="false"/>
            <line number="20" hits="0" branch="false"/>
          </lines>
        </class>
        <class name="gsp_databaseMigration_dbdoc_globalnav_gsp$_run_closure2" filename="gsp_databaseMigration_dbdoc_globalnav_gsp.groovy" line-rate="0.0" branch-rate="1.0" complexity="0.0">
          <methods>
            <method name="doCall" signature="()Ljava/lang/Object;" line-rate="0.0" branch-rate="1.0" complexity="0">
              <lines>
                <line number="30" hits="0" branch="false"/>
                <line number="31" hits="0" branch="false"/>
                <line number="32" hits="0" branch="false"/>
                <line number="33" hits="0" branch="false"/>
                <line number="34" hits="0" branch="false"/>
                <line number="35" hits="0" branch="false"/>
                <line number="36" hits="0" branch="false"/>
                <line number="37" hits="0" branch="false"/>
                <line number="38" hits="0" branch="false"/>
                <line number="39" hits="0" branch="false"/>
                <line number="40" hits="0" branch="false"/>
                <line number="41" hits="0" branch="false"/>
                <line number="42" hits="0" branch="false"/>
              </lines>
            </method>
          </methods>
          <lines>
            <line number="30" hits="0" branch="false"/>
            <line number="31" hits="0" branch="false"/>
            <line number="32" hits="0" branch="false"/>
            <line number="33" hits="0" branch="false"/>
            <line number="34" hits="0" branch="false"/>
            <line number="35" hits="0" branch="false"/>
            <line number="36" hits="0" branch="false"/>
            <line number="37" hits="0" branch="false"/>
            <line number="38" hits="0" branch="false"/>
            <line number="39" hits="0" branch="false"/>
            <line number="40" hits="0" branch="false"/>
            <line number="41" hits="0" branch="false"/>
            <line number="42" hits="0" branch="false"/>
          </lines>
        </class>
        <class name="gsp_databaseMigration_dbdoc_index_gsp" filename="gsp_databaseMigration_dbdoc_index_gsp.groovy" line-rate="0.0" branch-rate="1.0" complexity="0.0">
          <methods>
            <method name="&lt;clinit&gt;" signature="()V" line-rate="0.0" branch-rate="1.0" complexity="0">
              <lines>
                <line number="36" hits="0" branch="false"/>
              </lines>
            </method>
            <method name="getGroovyPageFileName" signature="()Ljava/lang/String;" line-rate="0.0" branch-rate="1.0" complexity="0">
              <lines>
                <line number="10" hits="0" branch="false"/>
              </lines>
            </method>
            <method name="init" signature="()V" line-rate="0.0" branch-rate="1.0" complexity="0">
              <lines>
                <line number="38" hits="0" branch="false"/>
              </lines>
            </method>
            <method name="run" signature="()Ljava/lang/Object;" line-rate="0.0" branch-rate="1.0" complexity="0">
              <lines>
                <line number="12" hits="0" branch="false"/>
                <line number="13" hits="0" branch="false"/>
                <line number="14" hits="0" branch="false"/>
                <line number="15" hits="0" branch="false"/>
                <line number="16" hits="0" branch="false"/>
                <line number="25" hits="0" branch="false"/>
                <line number="26" hits="0" branch="false"/>
                <line number="27" hits="0" branch="false"/>
                <line number="28" hits="0" branch="false"/>
                <line number="29" hits="0" branch="false"/>
                <line number="30" hits="0" branch="false"/>
                <line number="31" hits="0" branch="false"/>
                <line number="32" hits="0" branch="false"/>
                <line number="33" hits="0" branch="false"/>
                <line number="34" hits="0" branch="false"/>
              </lines>
            </method>
          </methods>
          <lines>
            <line number="10" hits="0" branch="false"/>
            <line number="12" hits="0" branch="false"/>
            <line number="13" hits="0" branch="false"/>
            <line number="14" hits="0" branch="false"/>
            <line number="15" hits="0" branch="false"/>
            <line number="16" hits="0" branch="false"/>
            <line number="25" hits="0" branch="false"/>
            <line number="26" hits="0" branch="false"/>
            <line number="27" hits="0" branch="false"/>
            <line number="28" hits="0" branch="false"/>
            <line number="29" hits="0" branch="false"/>
            <line number="30" hits="0" branch="false"/>
            <line number="31" hits="0" branch="false"/>
            <line number="32" hits="0" branch="false"/>
            <line number="33" hits="0" branch="false"/>
            <line number="34" hits="0" branch="false"/>
            <line number="36" hits="0" branch="false"/>
            <line number="38" hits="0" branch="false"/>
          </lines>
        </class>
        <class name="gsp_databaseMigration_dbdoc_index_gsp$_run_closure1" filename="gsp_databaseMigration_dbdoc_index_gsp.groovy" line-rate="0.0" branch-rate="1.0" complexity="0.0">
          <methods>
            <method name="doCall" signature="()Ljava/lang/Object;" line-rate="0.0" branch-rate="1.0" complexity="0">
              <lines>
                <line number="17" hits="0" branch="false"/>
                <line number="18" hits="0" branch="false"/>
                <line number="22" hits="0" branch="false"/>
                <line number="23" hits="0" branch="false"/>
              </lines>
            </method>
          </methods>
          <lines>
            <line number="17" hits="0" branch="false"/>
            <line number="18" hits="0" branch="false"/>
            <line number="22" hits="0" branch="false"/>
            <line number="23" hits="0" branch="false"/>
          </lines>
        </class>
        <class name="gsp_databaseMigration_dbdoc_index_gsp$_run_closure1$_closure2" filename="gsp_databaseMigration_dbdoc_index_gsp.groovy" line-rate="0.0" branch-rate="1.0" complexity="0.0">
          <methods>
            <method name="doCall" signature="()Ljava/lang/Object;" line-rate="0.0" branch-rate="1.0" complexity="0">
              <lines>
                <line number="19" hits="0" branch="false"/>
                <line number="20" hits="0" branch="false"/>
              </lines>
            </method>
          </methods>
          <lines>
            <line number="19" hits="0" branch="false"/>
            <line number="20" hits="0" branch="false"/>
          </lines>
        </class>
        <class name="gsp_databaseMigration_dbdoc_overview_summary_gsp" filename="gsp_databaseMigration_dbdoc_overview_summary_gsp.groovy" line-rate="0.0" branch-rate="1.0" complexity="0.0">
          <methods>
            <method name="&lt;clinit&gt;" signature="()V" line-rate="0.0" branch-rate="1.0" complexity="0">
              <lines>
                <line number="33" hits="0" branch="false"/>
              </lines>
            </method>
            <method name="getGroovyPageFileName" signature="()Ljava/lang/String;" line-rate="0.0" branch-rate="1.0" complexity="0">
              <lines>
                <line number="10" hits="0" branch="false"/>
              </lines>
            </method>
            <method name="init" signature="()V" line-rate="0.0" branch-rate="1.0" complexity="0">
              <lines>
                <line number="35" hits="0" branch="false"/>
              </lines>
            </method>
            <method name="run" signature="()Ljava/lang/Object;" line-rate="0.0" branch-rate="1.0" complexity="0">
              <lines>
                <line number="12" hits="0" branch="false"/>
                <line number="13" hits="0" branch="false"/>
                <line number="14" hits="0" branch="false"/>
                <line number="15" hits="0" branch="false"/>
                <line number="16" hits="0" branch="false"/>
                <line number="27" hits="0" branch="false"/>
                <line number="28" hits="0" branch="false"/>
                <line number="29" hits="0" branch="false"/>
                <line number="30" hits="0" branch="false"/>
                <line number="31" hits="0" branch="false"/>
              </lines>
            </method>
          </methods>
          <lines>
            <line number="10" hits="0" branch="false"/>
            <line number="12" hits="0" branch="false"/>
            <line number="13" hits="0" branch="false"/>
            <line number="14" hits="0" branch="false"/>
            <line number="15" hits="0" branch="false"/>
            <line number="16" hits="0" branch="false"/>
            <line number="27" hits="0" branch="false"/>
            <line number="28" hits="0" branch="false"/>
            <line number="29" hits="0" branch="false"/>
            <line number="30" hits="0" branch="false"/>
            <line number="31" hits="0" branch="false"/>
            <line number="33" hits="0" branch="false"/>
            <line number="35" hits="0" branch="false"/>
          </lines>
        </class>
        <class name="gsp_databaseMigration_dbdoc_overview_summary_gsp$_run_closure1" filename="gsp_databaseMigration_dbdoc_overview_summary_gsp.groovy" line-rate="0.0" branch-rate="1.0" complexity="0.0">
          <methods>
            <method name="doCall" signature="()Ljava/lang/Object;" line-rate="0.0" branch-rate="1.0" complexity="0">
              <lines>
                <line number="17" hits="0" branch="false"/>
                <line number="18" hits="0" branch="false"/>
                <line number="22" hits="0" branch="false"/>
                <line number="23" hits="0" branch="false"/>
                <line number="24" hits="0" branch="false"/>
                <line number="25" hits="0" branch="false"/>
              </lines>
            </method>
          </methods>
          <lines>
            <line number="17" hits="0" branch="false"/>
            <line number="18" hits="0" branch="false"/>
            <line number="22" hits="0" branch="false"/>
            <line number="23" hits="0" branch="false"/>
            <line number="24" hits="0" branch="false"/>
            <line number="25" hits="0" branch="false"/>
          </lines>
        </class>
        <class name="gsp_databaseMigration_dbdoc_overview_summary_gsp$_run_closure1$_closure2" filename="gsp_databaseMigration_dbdoc_overview_summary_gsp.groovy" line-rate="0.0" branch-rate="1.0" complexity="0.0">
          <methods>
            <method name="doCall" signature="()Ljava/lang/Object;" line-rate="0.0" branch-rate="1.0" complexity="0">
              <lines>
                <line number="19" hits="0" branch="false"/>
                <line number="20" hits="0" branch="false"/>
              </lines>
            </method>
          </methods>
          <lines>
            <line number="19" hits="0" branch="false"/>
            <line number="20" hits="0" branch="false"/>
          </lines>
        </class>
        <class name="gsp_databaseMigration_dbdoc_stylesheet_gsp" filename="gsp_databaseMigration_dbdoc_stylesheet_gsp.groovy" line-rate="0.0" branch-rate="1.0" complexity="0.0">
          <methods>
            <method name="&lt;clinit&gt;" signature="()V" line-rate="0.0" branch-rate="1.0" complexity="0">
              <lines>
                <line number="17" hits="0" branch="false"/>
              </lines>
            </method>
            <method name="getGroovyPageFileName" signature="()Ljava/lang/String;" line-rate="0.0" branch-rate="1.0" complexity="0">
              <lines>
                <line number="10" hits="0" branch="false"/>
              </lines>
            </method>
            <method name="init" signature="()V" line-rate="0.0" branch-rate="1.0" complexity="0">
              <lines>
                <line number="19" hits="0" branch="false"/>
              </lines>
            </method>
            <method name="run" signature="()Ljava/lang/Object;" line-rate="0.0" branch-rate="1.0" complexity="0">
              <lines>
                <line number="12" hits="0" branch="false"/>
                <line number="13" hits="0" branch="false"/>
                <line number="14" hits="0" branch="false"/>
                <line number="15" hits="0" branch="false"/>
              </lines>
            </method>
          </methods>
          <lines>
            <line number="10" hits="0" branch="false"/>
            <line number="12" hits="0" branch="false"/>
            <line number="13" hits="0" branch="false"/>
            <line number="14" hits="0" branch="false"/>
            <line number="15" hits="0" branch="false"/>
            <line number="17" hits="0" branch="false"/>
            <line number="19" hits="0" branch="false"/>
          </lines>
        </class>
        <class name="gsp_jodaTime__fields_dateTimeZone_input_gsp" filename="gsp_jodaTime__fields_dateTimeZone_input_gsp.groovy" line-rate="0.0" branch-rate="0.0" complexity="0.0">
          <methods>
            <method name="&lt;clinit&gt;" signature="()V" line-rate="0.0" branch-rate="1.0" complexity="0">
              <lines>
                <line number="22" hits="0" branch="false"/>
              </lines>
            </method>
            <method name="getGroovyPageFileName" signature="()Ljava/lang/String;" line-rate="0.0" branch-rate="1.0" complexity="0">
              <lines>
                <line number="10" hits="0" branch="false"/>
              </lines>
            </method>
            <method name="init" signature="()V" line-rate="0.0" branch-rate="1.0" complexity="0">
              <lines>
                <line number="24" hits="0" branch="false"/>
              </lines>
            </method>
            <method name="run" signature="()Ljava/lang/Object;" line-rate="0.0" branch-rate="0.0" complexity="0">
              <lines>
                <line number="12" hits="0" branch="false"/>
                <line number="13" hits="0" branch="false"/>
                <line number="14" hits="0" branch="false"/>
                <line number="16" hits="0" branch="false"/>
                <line number="17" hits="0" branch="true" condition-coverage="0% (0/2)">
                  <conditions>
                    <condition number="0" type="jump" coverage="0%"/>
                  </conditions>
                </line>
                <line number="18" hits="0" branch="false"/>
                <line number="20" hits="0" branch="false"/>
              </lines>
            </method>
          </methods>
          <lines>
            <line number="10" hits="0" branch="false"/>
            <line number="12" hits="0" branch="false"/>
            <line number="13" hits="0" branch="false"/>
            <line number="14" hits="0" branch="false"/>
            <line number="16" hits="0" branch="false"/>
            <line number="17" hits="0" branch="true" condition-coverage="0% (0/2)">
              <conditions>
                <condition number="0" type="jump" coverage="0%"/>
              </conditions>
            </line>
            <line number="18" hits="0" branch="false"/>
            <line number="20" hits="0" branch="false"/>
            <line number="22" hits="0" branch="false"/>
            <line number="24" hits="0" branch="false"/>
          </lines>
        </class>
        <class name="gsp_jodaTime__fields_duration_input_gsp" filename="gsp_jodaTime__fields_duration_input_gsp.groovy" line-rate="0.0" branch-rate="0.0" complexity="0.0">
          <methods>
            <method name="&lt;clinit&gt;" signature="()V" line-rate="0.0" branch-rate="1.0" complexity="0">
              <lines>
                <line number="22" hits="0" branch="false"/>
              </lines>
            </method>
            <method name="getGroovyPageFileName" signature="()Ljava/lang/String;" line-rate="0.0" branch-rate="1.0" complexity="0">
              <lines>
                <line number="10" hits="0" branch="false"/>
              </lines>
            </method>
            <method name="init" signature="()V" line-rate="0.0" branch-rate="1.0" complexity="0">
              <lines>
                <line number="24" hits="0" branch="false"/>
              </lines>
            </method>
            <method name="run" signature="()Ljava/lang/Object;" line-rate="0.0" branch-rate="0.0" complexity="0">
              <lines>
                <line number="12" hits="0" branch="false"/>
                <line number="13" hits="0" branch="false"/>
                <line number="14" hits="0" branch="false"/>
                <line number="16" hits="0" branch="false"/>
                <line number="17" hits="0" branch="true" condition-coverage="0% (0/2)">
                  <conditions>
                    <condition number="0" type="jump" coverage="0%"/>
                  </conditions>
                </line>
                <line number="18" hits="0" branch="false"/>
                <line number="20" hits="0" branch="false"/>
              </lines>
            </method>
          </methods>
          <lines>
            <line number="10" hits="0" branch="false"/>
            <line number="12" hits="0" branch="false"/>
            <line number="13" hits="0" branch="false"/>
            <line number="14" hits="0" branch="false"/>
            <line number="16" hits="0" branch="false"/>
            <line number="17" hits="0" branch="true" condition-coverage="0% (0/2)">
              <conditions>
                <condition number="0" type="jump" coverage="0%"/>
              </conditions>
            </line>
            <line number="18" hits="0" branch="false"/>
            <line number="20" hits="0" branch="false"/>
            <line number="22" hits="0" branch="false"/>
            <line number="24" hits="0" branch="false"/>
          </lines>
        </class>
        <class name="gsp_jodaTime__fields_localDateTime_input_gsp" filename="gsp_jodaTime__fields_localDateTime_input_gsp.groovy" line-rate="0.0" branch-rate="0.0" complexity="0.0">
          <methods>
            <method name="&lt;clinit&gt;" signature="()V" line-rate="0.0" branch-rate="1.0" complexity="0">
              <lines>
                <line number="22" hits="0" branch="false"/>
              </lines>
            </method>
            <method name="getGroovyPageFileName" signature="()Ljava/lang/String;" line-rate="0.0" branch-rate="1.0" complexity="0">
              <lines>
                <line number="10" hits="0" branch="false"/>
              </lines>
            </method>
            <method name="init" signature="()V" line-rate="0.0" branch-rate="1.0" complexity="0">
              <lines>
                <line number="24" hits="0" branch="false"/>
              </lines>
            </method>
            <method name="run" signature="()Ljava/lang/Object;" line-rate="0.0" branch-rate="0.0" complexity="0">
              <lines>
                <line number="12" hits="0" branch="false"/>
                <line number="13" hits="0" branch="false"/>
                <line number="14" hits="0" branch="false"/>
                <line number="16" hits="0" branch="false"/>
                <line number="17" hits="0" branch="true" condition-coverage="0% (0/2)">
                  <conditions>
                    <condition number="0" type="jump" coverage="0%"/>
                  </conditions>
                </line>
                <line number="18" hits="0" branch="false"/>
                <line number="20" hits="0" branch="false"/>
              </lines>
            </method>
          </methods>
          <lines>
            <line number="10" hits="0" branch="false"/>
            <line number="12" hits="0" branch="false"/>
            <line number="13" hits="0" branch="false"/>
            <line number="14" hits="0" branch="false"/>
            <line number="16" hits="0" branch="false"/>
            <line number="17" hits="0" branch="true" condition-coverage="0% (0/2)">
              <conditions>
                <condition number="0" type="jump" coverage="0%"/>
              </conditions>
            </line>
            <line number="18" hits="0" branch="false"/>
            <line number="20" hits="0" branch="false"/>
            <line number="22" hits="0" branch="false"/>
            <line number="24" hits="0" branch="false"/>
          </lines>
        </class>
        <class name="gsp_jodaTime__fields_localDate_input_gsp" filename="gsp_jodaTime__fields_localDate_input_gsp.groovy" line-rate="0.0" branch-rate="0.0" complexity="0.0">
          <methods>
            <method name="&lt;clinit&gt;" signature="()V" line-rate="0.0" branch-rate="1.0" complexity="0">
              <lines>
                <line number="22" hits="0" branch="false"/>
              </lines>
            </method>
            <method name="getGroovyPageFileName" signature="()Ljava/lang/String;" line-rate="0.0" branch-rate="1.0" complexity="0">
              <lines>
                <line number="10" hits="0" branch="false"/>
              </lines>
            </method>
            <method name="init" signature="()V" line-rate="0.0" branch-rate="1.0" complexity="0">
              <lines>
                <line number="24" hits="0" branch="false"/>
              </lines>
            </method>
            <method name="run" signature="()Ljava/lang/Object;" line-rate="0.0" branch-rate="0.0" complexity="0">
              <lines>
                <line number="12" hits="0" branch="false"/>
                <line number="13" hits="0" branch="false"/>
                <line number="14" hits="0" branch="false"/>
                <line number="16" hits="0" branch="false"/>
                <line number="17" hits="0" branch="true" condition-coverage="0% (0/2)">
                  <conditions>
                    <condition number="0" type="jump" coverage="0%"/>
                  </conditions>
                </line>
                <line number="18" hits="0" branch="false"/>
                <line number="20" hits="0" branch="false"/>
              </lines>
            </method>
          </methods>
          <lines>
            <line number="10" hits="0" branch="false"/>
            <line number="12" hits="0" branch="false"/>
            <line number="13" hits="0" branch="false"/>
            <line number="14" hits="0" branch="false"/>
            <line number="16" hits="0" branch="false"/>
            <line number="17" hits="0" branch="true" condition-coverage="0% (0/2)">
              <conditions>
                <condition number="0" type="jump" coverage="0%"/>
              </conditions>
            </line>
            <line number="18" hits="0" branch="false"/>
            <line number="20" hits="0" branch="false"/>
            <line number="22" hits="0" branch="false"/>
            <line number="24" hits="0" branch="false"/>
          </lines>
        </class>
        <class name="gsp_jodaTime__fields_localTime_input_gsp" filename="gsp_jodaTime__fields_localTime_input_gsp.groovy" line-rate="0.0" branch-rate="0.0" complexity="0.0">
          <methods>
            <method name="&lt;clinit&gt;" signature="()V" line-rate="0.0" branch-rate="1.0" complexity="0">
              <lines>
                <line number="22" hits="0" branch="false"/>
              </lines>
            </method>
            <method name="getGroovyPageFileName" signature="()Ljava/lang/String;" line-rate="0.0" branch-rate="1.0" complexity="0">
              <lines>
                <line number="10" hits="0" branch="false"/>
              </lines>
            </method>
            <method name="init" signature="()V" line-rate="0.0" branch-rate="1.0" complexity="0">
              <lines>
                <line number="24" hits="0" branch="false"/>
              </lines>
            </method>
            <method name="run" signature="()Ljava/lang/Object;" line-rate="0.0" branch-rate="0.0" complexity="0">
              <lines>
                <line number="12" hits="0" branch="false"/>
                <line number="13" hits="0" branch="false"/>
                <line number="14" hits="0" branch="false"/>
                <line number="16" hits="0" branch="false"/>
                <line number="17" hits="0" branch="true" condition-coverage="0% (0/2)">
                  <conditions>
                    <condition number="0" type="jump" coverage="0%"/>
                  </conditions>
                </line>
                <line number="18" hits="0" branch="false"/>
                <line number="20" hits="0" branch="false"/>
              </lines>
            </method>
          </methods>
          <lines>
            <line number="10" hits="0" branch="false"/>
            <line number="12" hits="0" branch="false"/>
            <line number="13" hits="0" branch="false"/>
            <line number="14" hits="0" branch="false"/>
            <line number="16" hits="0" branch="false"/>
            <line number="17" hits="0" branch="true" condition-coverage="0% (0/2)">
              <conditions>
                <condition number="0" type="jump" coverage="0%"/>
              </conditions>
            </line>
            <line number="18" hits="0" branch="false"/>
            <line number="20" hits="0" branch="false"/>
            <line number="22" hits="0" branch="false"/>
            <line number="24" hits="0" branch="false"/>
          </lines>
        </class>
        <class name="gsp_jodaTime__fields_period_input_gsp" filename="gsp_jodaTime__fields_period_input_gsp.groovy" line-rate="0.0" branch-rate="0.0" complexity="0.0">
          <methods>
            <method name="&lt;clinit&gt;" signature="()V" line-rate="0.0" branch-rate="1.0" complexity="0">
              <lines>
                <line number="22" hits="0" branch="false"/>
              </lines>
            </method>
            <method name="getGroovyPageFileName" signature="()Ljava/lang/String;" line-rate="0.0" branch-rate="1.0" complexity="0">
              <lines>
                <line number="10" hits="0" branch="false"/>
              </lines>
            </method>
            <method name="init" signature="()V" line-rate="0.0" branch-rate="1.0" complexity="0">
              <lines>
                <line number="24" hits="0" branch="false"/>
              </lines>
            </method>
            <method name="run" signature="()Ljava/lang/Object;" line-rate="0.0" branch-rate="0.0" complexity="0">
              <lines>
                <line number="12" hits="0" branch="false"/>
                <line number="13" hits="0" branch="false"/>
                <line number="14" hits="0" branch="false"/>
                <line number="16" hits="0" branch="false"/>
                <line number="17" hits="0" branch="true" condition-coverage="0% (0/2)">
                  <conditions>
                    <condition number="0" type="jump" coverage="0%"/>
                  </conditions>
                </line>
                <line number="18" hits="0" branch="false"/>
                <line number="20" hits="0" branch="false"/>
              </lines>
            </method>
          </methods>
          <lines>
            <line number="10" hits="0" branch="false"/>
            <line number="12" hits="0" branch="false"/>
            <line number="13" hits="0" branch="false"/>
            <line number="14" hits="0" branch="false"/>
            <line number="16" hits="0" branch="false"/>
            <line number="17" hits="0" branch="true" condition-coverage="0% (0/2)">
              <conditions>
                <condition number="0" type="jump" coverage="0%"/>
              </conditions>
            </line>
            <line number="18" hits="0" branch="false"/>
            <line number="20" hits="0" branch="false"/>
            <line number="22" hits="0" branch="false"/>
            <line number="24" hits="0" branch="false"/>
          </lines>
        </class>
        <class name="gsp_jodaTime__fields_readableInstant_input_gsp" filename="gsp_jodaTime__fields_readableInstant_input_gsp.groovy" line-rate="0.0" branch-rate="0.0" complexity="0.0">
          <methods>
            <method name="&lt;clinit&gt;" signature="()V" line-rate="0.0" branch-rate="1.0" complexity="0">
              <lines>
                <line number="22" hits="0" branch="false"/>
              </lines>
            </method>
            <method name="getGroovyPageFileName" signature="()Ljava/lang/String;" line-rate="0.0" branch-rate="1.0" complexity="0">
              <lines>
                <line number="10" hits="0" branch="false"/>
              </lines>
            </method>
            <method name="init" signature="()V" line-rate="0.0" branch-rate="1.0" complexity="0">
              <lines>
                <line number="24" hits="0" branch="false"/>
              </lines>
            </method>
            <method name="run" signature="()Ljava/lang/Object;" line-rate="0.0" branch-rate="0.0" complexity="0">
              <lines>
                <line number="12" hits="0" branch="false"/>
                <line number="13" hits="0" branch="false"/>
                <line number="14" hits="0" branch="false"/>
                <line number="16" hits="0" branch="false"/>
                <line number="17" hits="0" branch="true" condition-coverage="0% (0/2)">
                  <conditions>
                    <condition number="0" type="jump" coverage="0%"/>
                  </conditions>
                </line>
                <line number="18" hits="0" branch="false"/>
                <line number="20" hits="0" branch="false"/>
              </lines>
            </method>
          </methods>
          <lines>
            <line number="10" hits="0" branch="false"/>
            <line number="12" hits="0" branch="false"/>
            <line number="13" hits="0" branch="false"/>
            <line number="14" hits="0" branch="false"/>
            <line number="16" hits="0" branch="false"/>
            <line number="17" hits="0" branch="true" condition-coverage="0% (0/2)">
              <conditions>
                <condition number="0" type="jump" coverage="0%"/>
              </conditions>
            </line>
            <line number="18" hits="0" branch="false"/>
            <line number="20" hits="0" branch="false"/>
            <line number="22" hits="0" branch="false"/>
            <line number="24" hits="0" branch="false"/>
          </lines>
        </class>
        <class name="gsp_jodaTime__fields_yearMonth_input_gsp" filename="gsp_jodaTime__fields_yearMonth_input_gsp.groovy" line-rate="0.0" branch-rate="0.0" complexity="0.0">
          <methods>
            <method name="&lt;clinit&gt;" signature="()V" line-rate="0.0" branch-rate="1.0" complexity="0">
              <lines>
                <line number="22" hits="0" branch="false"/>
              </lines>
            </method>
            <method name="getGroovyPageFileName" signature="()Ljava/lang/String;" line-rate="0.0" branch-rate="1.0" complexity="0">
              <lines>
                <line number="10" hits="0" branch="false"/>
              </lines>
            </method>
            <method name="init" signature="()V" line-rate="0.0" branch-rate="1.0" complexity="0">
              <lines>
                <line number="24" hits="0" branch="false"/>
              </lines>
            </method>
            <method name="run" signature="()Ljava/lang/Object;" line-rate="0.0" branch-rate="0.0" complexity="0">
              <lines>
                <line number="12" hits="0" branch="false"/>
                <line number="13" hits="0" branch="false"/>
                <line number="14" hits="0" branch="false"/>
                <line number="16" hits="0" branch="false"/>
                <line number="17" hits="0" branch="true" condition-coverage="0% (0/2)">
                  <conditions>
                    <condition number="0" type="jump" coverage="0%"/>
                  </conditions>
                </line>
                <line number="18" hits="0" branch="false"/>
                <line number="20" hits="0" branch="false"/>
              </lines>
            </method>
          </methods>
          <lines>
            <line number="10" hits="0" branch="false"/>
            <line number="12" hits="0" branch="false"/>
            <line number="13" hits="0" branch="false"/>
            <line number="14" hits="0" branch="false"/>
            <line number="16" hits="0" branch="false"/>
            <line number="17" hits="0" branch="true" condition-coverage="0% (0/2)">
              <conditions>
                <condition number="0" type="jump" coverage="0%"/>
              </conditions>
            </line>
            <line number="18" hits="0" branch="false"/>
            <line number="20" hits="0" branch="false"/>
            <line number="22" hits="0" branch="false"/>
            <line number="24" hits="0" branch="false"/>
          </lines>
        </class>
        <class name="gsp_searchable_searchableindex_gsp" filename="gsp_searchable_searchableindex_gsp.groovy" line-rate="0.0" branch-rate="1.0" complexity="0.0">
          <methods>
            <method name="&lt;clinit&gt;" signature="()V" line-rate="0.0" branch-rate="1.0" complexity="0">
              <lines>
                <line number="163" hits="0" branch="false"/>
              </lines>
            </method>
            <method name="getGroovyPageFileName" signature="()Ljava/lang/String;" line-rate="0.0" branch-rate="1.0" complexity="0">
              <lines>
                <line number="13" hits="0" branch="false"/>
              </lines>
            </method>
            <method name="init" signature="()V" line-rate="0.0" branch-rate="1.0" complexity="0">
              <lines>
                <line number="165" hits="0" branch="false"/>
              </lines>
            </method>
            <method name="run" signature="()Ljava/lang/Object;" line-rate="0.0" branch-rate="1.0" complexity="0">
              <lines>
                <line number="15" hits="0" branch="false"/>
                <line number="16" hits="0" branch="false"/>
                <line number="17" hits="0" branch="false"/>
                <line number="18" hits="0" branch="false"/>
                <line number="19" hits="0" branch="false"/>
                <line number="20" hits="0" branch="false"/>
                <line number="21" hits="0" branch="false"/>
                <line number="22" hits="0" branch="false"/>
                <line number="39" hits="0" branch="false"/>
                <line number="40" hits="0" branch="false"/>
                <line number="41" hits="0" branch="false"/>
                <line number="160" hits="0" branch="false"/>
                <line number="161" hits="0" branch="false"/>
              </lines>
            </method>
          </methods>
          <lines>
            <line number="13" hits="0" branch="false"/>
            <line number="15" hits="0" branch="false"/>
            <line number="16" hits="0" branch="false"/>
            <line number="17" hits="0" branch="false"/>
            <line number="18" hits="0" branch="false"/>
            <line number="19" hits="0" branch="false"/>
            <line number="20" hits="0" branch="false"/>
            <line number="21" hits="0" branch="false"/>
            <line number="22" hits="0" branch="false"/>
            <line number="39" hits="0" branch="false"/>
            <line number="40" hits="0" branch="false"/>
            <line number="41" hits="0" branch="false"/>
            <line number="160" hits="0" branch="false"/>
            <line number="161" hits="0" branch="false"/>
            <line number="163" hits="0" branch="false"/>
            <line number="165" hits="0" branch="false"/>
          </lines>
        </class>
        <class name="gsp_searchable_searchableindex_gsp$_run_closure1" filename="gsp_searchable_searchableindex_gsp.groovy" line-rate="0.0" branch-rate="1.0" complexity="0.0">
          <methods>
            <method name="doCall" signature="()Ljava/lang/Object;" line-rate="0.0" branch-rate="1.0" complexity="0">
              <lines>
                <line number="23" hits="0" branch="false"/>
                <line number="24" hits="0" branch="false"/>
                <line number="25" hits="0" branch="false"/>
                <line number="26" hits="0" branch="false"/>
                <line number="36" hits="0" branch="false"/>
                <line number="37" hits="0" branch="false"/>
              </lines>
            </method>
          </methods>
          <lines>
            <line number="23" hits="0" branch="false"/>
            <line number="24" hits="0" branch="false"/>
            <line number="25" hits="0" branch="false"/>
            <line number="26" hits="0" branch="false"/>
            <line number="36" hits="0" branch="false"/>
            <line number="37" hits="0" branch="false"/>
          </lines>
        </class>
        <class name="gsp_searchable_searchableindex_gsp$_run_closure1$_closure3" filename="gsp_searchable_searchableindex_gsp.groovy" line-rate="0.0" branch-rate="1.0" complexity="0.0">
          <methods>
            <method name="doCall" signature="()Ljava/lang/Object;" line-rate="0.0" branch-rate="1.0" complexity="0">
              <lines>
                <line number="27" hits="0" branch="false"/>
                <line number="34" hits="0" branch="false"/>
              </lines>
            </method>
          </methods>
          <lines>
            <line number="27" hits="0" branch="false"/>
            <line number="34" hits="0" branch="false"/>
          </lines>
        </class>
        <class name="gsp_searchable_searchableindex_gsp$_run_closure1$_closure3$_closure4" filename="gsp_searchable_searchableindex_gsp.groovy" line-rate="0.0" branch-rate="0.0" complexity="0.0">
          <methods>
            <method name="doCall" signature="()Ljava/lang/Object;" line-rate="0.0" branch-rate="0.0" complexity="0">
              <lines>
                <line number="28" hits="0" branch="true" condition-coverage="0% (0/26)">
                  <conditions>
                    <condition number="0" type="jump" coverage="0%"/>
                    <condition number="1" type="jump" coverage="0%"/>
                    <condition number="2" type="jump" coverage="0%"/>
                    <condition number="3" type="jump" coverage="0%"/>
                    <condition number="4" type="jump" coverage="0%"/>
                    <condition number="5" type="jump" coverage="0%"/>
                    <condition number="6" type="jump" coverage="0%"/>
                    <condition number="7" type="jump" coverage="0%"/>
                    <condition number="8" type="jump" coverage="0%"/>
                    <condition number="9" type="jump" coverage="0%"/>
                    <condition number="10" type="jump" coverage="0%"/>
                    <condition number="11" type="jump" coverage="0%"/>
                    <condition number="12" type="jump" coverage="0%"/>
                  </conditions>
                </line>
                <line number="29" hits="0" branch="false"/>
                <line number="30" hits="0" branch="false"/>
                <line number="32" hits="0" branch="false"/>
              </lines>
            </method>
          </methods>
          <lines>
            <line number="28" hits="0" branch="true" condition-coverage="0% (0/26)">
              <conditions>
                <condition number="0" type="jump" coverage="0%"/>
                <condition number="1" type="jump" coverage="0%"/>
                <condition number="2" type="jump" coverage="0%"/>
                <condition number="3" type="jump" coverage="0%"/>
                <condition number="4" type="jump" coverage="0%"/>
                <condition number="5" type="jump" coverage="0%"/>
                <condition number="6" type="jump" coverage="0%"/>
                <condition number="7" type="jump" coverage="0%"/>
                <condition number="8" type="jump" coverage="0%"/>
                <condition number="9" type="jump" coverage="0%"/>
                <condition number="10" type="jump" coverage="0%"/>
                <condition number="11" type="jump" coverage="0%"/>
                <condition number="12" type="jump" coverage="0%"/>
              </conditions>
            </line>
            <line number="29" hits="0" branch="false"/>
            <line number="30" hits="0" branch="false"/>
            <line number="32" hits="0" branch="false"/>
          </lines>
        </class>
        <class name="gsp_searchable_searchableindex_gsp$_run_closure2" filename="gsp_searchable_searchableindex_gsp.groovy" line-rate="0.0" branch-rate="0.0" complexity="0.0">
          <methods>
            <method name="doCall" signature="()Ljava/lang/Object;" line-rate="0.0" branch-rate="0.0" complexity="0">
              <lines>
                <line number="42" hits="0" branch="false"/>
                <line number="43" hits="0" branch="false"/>
                <line number="48" hits="0" branch="false"/>
                <line number="49" hits="0" branch="false"/>
                <line number="50" hits="0" branch="false"/>
                <line number="51" hits="0" branch="false"/>
                <line number="52" hits="0" branch="false"/>
                <line number="53" hits="0" branch="false"/>
                <line number="54" hits="0" branch="true" condition-coverage="0% (0/26)">
                  <conditions>
                    <condition number="0" type="jump" coverage="0%"/>
                    <condition number="1" type="jump" coverage="0%"/>
                    <condition number="2" type="jump" coverage="0%"/>
                    <condition number="3" type="jump" coverage="0%"/>
                    <condition number="4" type="jump" coverage="0%"/>
                    <condition number="5" type="jump" coverage="0%"/>
                    <condition number="6" type="jump" coverage="0%"/>
                    <condition number="7" type="jump" coverage="0%"/>
                    <condition number="8" type="jump" coverage="0%"/>
                    <condition number="9" type="jump" coverage="0%"/>
                    <condition number="10" type="jump" coverage="0%"/>
                    <condition number="11" type="jump" coverage="0%"/>
                    <condition number="12" type="jump" coverage="0%"/>
                  </conditions>
                </line>
                <line number="55" hits="0" branch="false"/>
                <line number="56" hits="0" branch="false"/>
                <line number="57" hits="0" branch="false"/>
                <line number="58" hits="0" branch="false"/>
                <line number="59" hits="0" branch="false"/>
                <line number="60" hits="0" branch="false"/>
                <line number="61" hits="0" branch="false"/>
                <line number="62" hits="0" branch="false"/>
                <line number="63" hits="0" branch="false"/>
                <line number="66" hits="0" branch="false"/>
                <line number="68" hits="0" branch="false"/>
                <line number="69" hits="0" branch="true" condition-coverage="0% (0/42)">
                  <conditions>
                    <condition number="0" type="jump" coverage="0%"/>
                    <condition number="1" type="jump" coverage="0%"/>
                    <condition number="2" type="jump" coverage="0%"/>
                    <condition number="3" type="jump" coverage="0%"/>
                    <condition number="4" type="jump" coverage="0%"/>
                    <condition number="5" type="jump" coverage="0%"/>
                    <condition number="6" type="jump" coverage="0%"/>
                    <condition number="7" type="jump" coverage="0%"/>
                    <condition number="8" type="jump" coverage="0%"/>
                    <condition number="9" type="jump" coverage="0%"/>
                    <condition number="10" type="jump" coverage="0%"/>
                    <condition number="11" type="jump" coverage="0%"/>
                    <condition number="12" type="jump" coverage="0%"/>
                    <condition number="13" type="jump" coverage="0%"/>
                    <condition number="14" type="jump" coverage="0%"/>
                    <condition number="15" type="jump" coverage="0%"/>
                    <condition number="16" type="jump" coverage="0%"/>
                    <condition number="17" type="jump" coverage="0%"/>
                    <condition number="18" type="jump" coverage="0%"/>
                    <condition number="19" type="jump" coverage="0%"/>
                    <condition number="20" type="jump" coverage="0%"/>
                  </conditions>
                </line>
                <line number="70" hits="0" branch="false"/>
                <line number="71" hits="0" branch="false"/>
                <line number="72" hits="0" branch="false"/>
                <line number="73" hits="0" branch="true" condition-coverage="0% (0/16)">
                  <conditions>
                    <condition number="0" type="jump" coverage="0%"/>
                    <condition number="1" type="jump" coverage="0%"/>
                    <condition number="2" type="jump" coverage="0%"/>
                    <condition number="3" type="jump" coverage="0%"/>
                    <condition number="4" type="jump" coverage="0%"/>
                    <condition number="5" type="jump" coverage="0%"/>
                    <condition number="6" type="jump" coverage="0%"/>
                    <condition number="7" type="jump" coverage="0%"/>
                  </conditions>
                </line>
                <line number="74" hits="0" branch="false"/>
                <line number="75" hits="0" branch="false"/>
                <line number="76" hits="0" branch="false"/>
                <line number="77" hits="0" branch="false"/>
                <line number="79" hits="0" branch="false"/>
                <line number="81" hits="0" branch="false"/>
                <line number="82" hits="0" branch="true" condition-coverage="0% (0/6)">
                  <conditions>
                    <condition number="0" type="jump" coverage="0%"/>
                    <condition number="1" type="jump" coverage="0%"/>
                    <condition number="2" type="jump" coverage="0%"/>
                  </conditions>
                </line>
                <line number="83" hits="0" branch="false"/>
                <line number="84" hits="0" branch="false"/>
                <line number="87" hits="0" branch="false"/>
                <line number="88" hits="0" branch="false"/>
                <line number="90" hits="0" branch="false"/>
                <line number="91" hits="0" branch="true" condition-coverage="0% (0/6)">
                  <conditions>
                    <condition number="0" type="jump" coverage="0%"/>
                    <condition number="1" type="jump" coverage="0%"/>
                    <condition number="2" type="jump" coverage="0%"/>
                  </conditions>
                </line>
                <line number="92" hits="0" branch="false"/>
                <line number="93" hits="0" branch="false"/>
                <line number="94" hits="0" branch="false"/>
                <line number="95" hits="0" branch="true" condition-coverage="0% (0/6)">
                  <conditions>
                    <condition number="0" type="jump" coverage="0%"/>
                    <condition number="1" type="jump" coverage="0%"/>
                    <condition number="2" type="jump" coverage="0%"/>
                  </conditions>
                </line>
                <line number="96" hits="0" branch="false"/>
                <line number="97" hits="0" branch="false"/>
                <line number="98" hits="0" branch="false"/>
                <line number="99" hits="0" branch="false"/>
                <line number="100" hits="0" branch="false"/>
                <line number="101" hits="0" branch="false"/>
                <line number="102" hits="0" branch="false"/>
                <line number="103" hits="0" branch="false"/>
                <line number="104" hits="0" branch="false"/>
                <line number="105" hits="0" branch="false"/>
                <line number="106" hits="0" branch="false"/>
                <line number="107" hits="0" branch="false"/>
                <line number="108" hits="0" branch="false"/>
                <line number="109" hits="0" branch="false"/>
                <line number="111" hits="0" branch="false"/>
                <line number="113" hits="0" branch="false"/>
                <line number="114" hits="0" branch="true" condition-coverage="0% (0/6)">
                  <conditions>
                    <condition number="0" type="jump" coverage="0%"/>
                    <condition number="1" type="jump" coverage="0%"/>
                    <condition number="2" type="jump" coverage="0%"/>
                  </conditions>
                </line>
                <line number="115" hits="0" branch="false"/>
                <line number="117" hits="0" branch="false"/>
                <line number="118" hits="0" branch="true" condition-coverage="0% (0/2)">
                  <conditions>
                    <condition number="0" type="jump" coverage="0%"/>
                  </conditions>
                </line>
                <line number="119" hits="0" branch="false"/>
                <line number="120" hits="0" branch="false"/>
                <line number="121" hits="0" branch="false"/>
                <line number="122" hits="0" branch="false"/>
                <line number="123" hits="0" branch="false"/>
                <line number="124" hits="0" branch="false"/>
                <line number="125" hits="0" branch="false"/>
                <line number="126" hits="0" branch="false"/>
                <line number="127" hits="0" branch="false"/>
                <line number="128" hits="0" branch="false"/>
                <line number="129" hits="0" branch="false"/>
                <line number="130" hits="0" branch="false"/>
                <line number="131" hits="0" branch="false"/>
                <line number="132" hits="0" branch="true" condition-coverage="0% (0/6)">
                  <conditions>
                    <condition number="0" type="jump" coverage="0%"/>
                    <condition number="1" type="jump" coverage="0%"/>
                    <condition number="2" type="jump" coverage="0%"/>
                  </conditions>
                </line>
                <line number="133" hits="0" branch="false"/>
                <line number="135" hits="0" branch="false"/>
                <line number="136" hits="0" branch="false"/>
                <line number="137" hits="0" branch="false"/>
                <line number="138" hits="0" branch="false"/>
[...]
            <method name="&lt;init&gt;" signature="()V" line-rate="0.0" branch-rate="1.0" complexity="0">
              <lines>
                <line number="37" hits="0" branch="false"/>
                <line number="38" hits="0" branch="false"/>
              </lines>
            </method>
            <method name="&lt;init&gt;" signature="(I)V" line-rate="0.0" branch-rate="1.0" complexity="0">
              <lines>
                <line number="41" hits="0" branch="false"/>
                <line number="42" hits="0" branch="false"/>
                <line number="43" hits="0" branch="false"/>
              </lines>
            </method>
            <method name="&lt;init&gt;" signature="(Ljava/io/PrintWriter;)V" line-rate="0.0" branch-rate="1.0" complexity="0">
              <lines>
                <line number="46" hits="0" branch="false"/>
                <line number="47" hits="0" branch="false"/>
                <line number="48" hits="0" branch="false"/>
              </lines>
            </method>
            <method name="&lt;init&gt;" signature="(Ljava/lang/String;)V" line-rate="0.0" branch-rate="1.0" complexity="0">
              <lines>
                <line number="31" hits="0" branch="false"/>
                <line number="32" hits="0" branch="false"/>
                <line number="33" hits="0" branch="false"/>
                <line number="34" hits="0" branch="false"/>
              </lines>
            </method>
            <method name="access$000" signature="(Llaki/yellowbox/cms/ldap/interceptor/LdapOutInterceptor;)I" line-rate="1.0" branch-rate="1.0" complexity="0">
              <lines/>
            </method>
            <method name="access$100" signature="(Llaki/yellowbox/cms/ldap/interceptor/LdapOutInterceptor;)I" line-rate="1.0" branch-rate="1.0" complexity="0">
              <lines/>
            </method>
            <method name="access$200" signature="(Llaki/yellowbox/cms/ldap/interceptor/LdapOutInterceptor;)I" line-rate="1.0" branch-rate="1.0" complexity="0">
              <lines/>
            </method>
            <method name="access$300" signature="(Llaki/yellowbox/cms/ldap/interceptor/LdapOutInterceptor;)I" line-rate="1.0" branch-rate="1.0" complexity="0">
              <lines/>
            </method>
            <method name="access$400" signature="(Llaki/yellowbox/cms/ldap/interceptor/LdapOutInterceptor;Ljava/lang/StringBuilder;Lorg/apache/cxf/io/CachedOutputStream;Ljava/lang/String;Ljava/lang/String;)V" line-rate="0.0" branch-rate="1.0" complexity="0">
              <lines>
                <line number="22" hits="0" branch="false"/>
              </lines>
            </method>
            <method name="clearRunningIDinMDC" signature="()Z" line-rate="0.0" branch-rate="1.0" complexity="0">
              <lines>
                <line number="51" hits="0" branch="false"/>
              </lines>
            </method>
            <method name="handleMessage" signature="(Lorg/apache/cxf/message/Message;)V" line-rate="0.0" branch-rate="0.0" complexity="0">
              <lines>
                <line number="55" hits="0" branch="false"/>
                <line number="56" hits="0" branch="true" condition-coverage="0% (0/2)">
                  <conditions>
                    <condition number="0" type="jump" coverage="0%"/>
                  </conditions>
                </line>
                <line number="57" hits="0" branch="false"/>
                <line number="59" hits="0" branch="true" condition-coverage="0% (0/4)">
                  <conditions>
                    <condition number="0" type="jump" coverage="0%"/>
                    <condition number="1" type="jump" coverage="0%"/>
                  </conditions>
                </line>
                <line number="61" hits="0" branch="false"/>
                <line number="62" hits="0" branch="true" condition-coverage="0% (0/2)">
                  <conditions>
                    <condition number="0" type="jump" coverage="0%"/>
                  </conditions>
                </line>
                <line number="63" hits="0" branch="false"/>
                <line number="64" hits="0" branch="false"/>
                <line number="66" hits="0" branch="false"/>
                <line number="67" hits="0" branch="false"/>
                <line number="70" hits="0" branch="false"/>
              </lines>
            </method>
            <method name="log" signature="(Ljava/lang/String;)V" line-rate="0.0" branch-rate="0.0" complexity="0">
              <lines>
                <line number="184" hits="0" branch="false"/>
                <line number="185" hits="0" branch="true" condition-coverage="0% (0/2)">
                  <conditions>
                    <condition number="0" type="jump" coverage="0%"/>
                  </conditions>
                </line>
                <line number="186" hits="0" branch="false"/>
                <line number="187" hits="0" branch="true" condition-coverage="0% (0/2)">
                  <conditions>
                    <condition number="0" type="jump" coverage="0%"/>
                  </conditions>
                </line>
                <line number="188" hits="0" branch="false"/>
                <line number="190" hits="0" branch="false"/>
              </lines>
            </method>
          </methods>
          <lines>
            <line number="22" hits="0" branch="false"/>
            <line number="24" hits="0" branch="false"/>
            <line number="25" hits="0" branch="false"/>
            <line number="26" hits="0" branch="false"/>
            <line number="31" hits="0" branch="false"/>
            <line number="32" hits="0" branch="false"/>
            <line number="33" hits="0" branch="false"/>
            <line number="34" hits="0" branch="false"/>
            <line number="37" hits="0" branch="false"/>
            <line number="38" hits="0" branch="false"/>
            <line number="41" hits="0" branch="false"/>
            <line number="42" hits="0" branch="false"/>
            <line number="43" hits="0" branch="false"/>
            <line number="46" hits="0" branch="false"/>
            <line number="47" hits="0" branch="false"/>
            <line number="48" hits="0" branch="false"/>
            <line number="51" hits="0" branch="false"/>
            <line number="55" hits="0" branch="false"/>
            <line number="56" hits="0" branch="true" condition-coverage="0% (0/2)">
              <conditions>
                <condition number="0" type="jump" coverage="0%"/>
              </conditions>
            </line>
            <line number="57" hits="0" branch="false"/>
            <line number="59" hits="0" branch="true" condition-coverage="0% (0/4)">
              <conditions>
                <condition number="0" type="jump" coverage="0%"/>
                <condition number="1" type="jump" coverage="0%"/>
              </conditions>
            </line>
            <line number="61" hits="0" branch="false"/>
            <line number="62" hits="0" branch="true" condition-coverage="0% (0/2)">
              <conditions>
                <condition number="0" type="jump" coverage="0%"/>
              </conditions>
            </line>
            <line number="63" hits="0" branch="false"/>
            <line number="64" hits="0" branch="false"/>
            <line number="66" hits="0" branch="false"/>
            <line number="67" hits="0" branch="false"/>
            <line number="70" hits="0" branch="false"/>
            <line number="184" hits="0" branch="false"/>
            <line number="185" hits="0" branch="true" condition-coverage="0% (0/2)">
              <conditions>
                <condition number="0" type="jump" coverage="0%"/>
              </conditions>
            </line>
            <line number="186" hits="0" branch="false"/>
            <line number="187" hits="0" branch="true" condition-coverage="0% (0/2)">
              <conditions>
                <condition number="0" type="jump" coverage="0%"/>
              </conditions>
            </line>
            <line number="188" hits="0" branch="false"/>
            <line number="190" hits="0" branch="false"/>
          </lines>
        </class>
        <class name="laki.yellowbox.cms.ldap.interceptor.LdapOutInterceptor$LoggingCallback" filename="laki/yellowbox/cms/ldap/interceptor/LdapOutInterceptor.java" line-rate="0.0" branch-rate="0.0" complexity="3.0">
          <methods>
            <method name="&lt;init&gt;" signature="(Llaki/yellowbox/cms/ldap/interceptor/LdapOutInterceptor;Lorg/apache/cxf/message/Message;Ljava/io/OutputStream;)V" line-rate="0.0" branch-rate="1.0" complexity="0">
              <lines>
                <line number="77" hits="0" branch="false"/>
                <line number="78" hits="0" branch="false"/>
                <line number="79" hits="0" branch="false"/>
                <line number="80" hits="0" branch="false"/>
              </lines>
            </method>
            <method name="onClose" signature="(Lorg/apache/cxf/io/CachedOutputStream;)V" line-rate="0.0" branch-rate="0.0" complexity="0">
              <lines>
                <line number="87" hits="0" branch="false"/>
                <line number="88" hits="0" branch="false"/>
                <line number="90" hits="0" branch="false"/>
                <line number="91" hits="0" branch="false"/>
                <line number="93" hits="0" branch="true" condition-coverage="0% (0/2)">
                  <conditions>
                    <condition number="0" type="jump" coverage="0%"/>
                  </conditions>
                </line>
                <line number="94" hits="0" branch="false"/>
                <line number="95" hits="0" branch="false"/>
                <line number="97" hits="0" branch="false"/>
                <line number="100" hits="0" branch="false"/>
                <line number="101" hits="0" branch="true" condition-coverage="0% (0/2)">
                  <conditions>
                    <condition number="0" type="jump" coverage="0%"/>
                  </conditions>
                </line>
                <line number="102" hits="0" branch="false"/>
                <line number="105" hits="0" branch="false"/>
                <line number="107" hits="0" branch="true" condition-coverage="0% (0/2)">
                  <conditions>
                    <condition number="0" type="jump" coverage="0%"/>
                  </conditions>
                </line>
                <line number="108" hits="0" branch="false"/>
                <line number="111" hits="0" branch="false"/>
                <line number="112" hits="0" branch="true" condition-coverage="0% (0/2)">
                  <conditions>
                    <condition number="0" type="jump" coverage="0%"/>
                  </conditions>
                </line>
                <line number="113" hits="0" branch="false"/>
                <line number="115" hits="0" branch="false"/>
                <line number="116" hits="0" branch="true" condition-coverage="0% (0/2)">
                  <conditions>
                    <condition number="0" type="jump" coverage="0%"/>
                  </conditions>
                </line>
                <line number="117" hits="0" branch="false"/>
                <line number="119" hits="0" branch="false"/>
                <line number="120" hits="0" branch="true" condition-coverage="0% (0/2)">
                  <conditions>
                    <condition number="0" type="jump" coverage="0%"/>
                  </conditions>
                </line>
                <line number="121" hits="0" branch="false"/>
                <line number="124" hits="0" branch="true" condition-coverage="0% (0/2)">
                  <conditions>
                    <condition number="0" type="jump" coverage="0%"/>
                  </conditions>
                </line>
                <line number="126" hits="0" branch="true" condition-coverage="0% (0/2)">
                  <conditions>
                    <condition number="0" type="jump" coverage="0%"/>
                  </conditions>
                </line>
                <line number="127" hits="0" branch="false"/>
                <line number="128" hits="0" branch="false"/>
                <line number="131" hits="0" branch="false"/>
                <line number="133" hits="0" branch="false"/>
                <line number="134" hits="0" branch="false"/>
                <line number="136" hits="0" branch="true" condition-coverage="0% (0/2)">
                  <conditions>
                    <condition number="0" type="jump" coverage="0%"/>
                  </conditions>
                </line>
                <line number="137" hits="0" branch="false"/>
                <line number="138" hits="0" branch="false"/>
                <line number="143" hits="0" branch="false"/>
                <line number="144" hits="0" branch="false"/>
                <line number="146" hits="0" branch="false"/>
                <line number="148" hits="0" branch="false"/>
                <line number="149" hits="0" branch="false"/>
                <line number="151" hits="0" branch="true" condition-coverage="0% (0/2)">
                  <conditions>
                    <condition number="0" type="jump" coverage="0%"/>
                  </conditions>
                </line>
                <line number="152" hits="0" branch="false"/>
                <line number="155" hits="0" branch="true" condition-coverage="0% (0/2)">
                  <conditions>
                    <condition number="0" type="jump" coverage="0%"/>
                  </conditions>
                </line>
                <line number="156" hits="0" branch="false"/>
                <line number="157" hits="0" branch="false"/>
                <line number="162" hits="0" branch="false"/>
                <line number="163" hits="0" branch="false"/>
                <line number="166" hits="0" branch="false"/>
                <line number="167" hits="0" branch="false"/>
                <line number="172" hits="0" branch="false"/>
                <line number="173" hits="0" branch="false"/>
                <line number="174" hits="0" branch="false"/>
                <line number="176" hits="0" branch="false"/>
                <line number="177" hits="0" branch="false"/>
                <line number="180" hits="0" branch="false"/>
              </lines>
            </method>
            <method name="onFlush" signature="(Lorg/apache/cxf/io/CachedOutputStream;)V" line-rate="0.0" branch-rate="1.0" complexity="0">
              <lines>
                <line number="84" hits="0" branch="false"/>
              </lines>
            </method>
          </methods>
          <lines>
            <line number="77" hits="0" branch="false"/>
            <line number="78" hits="0" branch="false"/>
            <line number="79" hits="0" branch="false"/>
            <line number="80" hits="0" branch="false"/>
            <line number="84" hits="0" branch="false"/>
            <line number="87" hits="0" branch="false"/>
            <line number="88" hits="0" branch="false"/>
            <line number="90" hits="0" branch="false"/>
            <line number="91" hits="0" branch="false"/>
            <line number="93" hits="0" branch="true" condition-coverage="0% (0/2)">
              <conditions>
                <condition number="0" type="jump" coverage="0%"/>
              </conditions>
            </line>
            <line number="94" hits="0" branch="false"/>
            <line number="95" hits="0" branch="false"/>
            <line number="97" hits="0" branch="false"/>
            <line number="100" hits="0" branch="false"/>
            <line number="101" hits="0" branch="true" condition-coverage="0% (0/2)">
              <conditions>
                <condition number="0" type="jump" coverage="0%"/>
              </conditions>
            </line>
            <line number="102" hits="0" branch="false"/>
            <line number="105" hits="0" branch="false"/>
            <line number="107" hits="0" branch="true" condition-coverage="0% (0/2)">
              <conditions>
                <condition number="0" type="jump" coverage="0%"/>
              </conditions>
            </line>
            <line number="108" hits="0" branch="false"/>
            <line number="111" hits="0" branch="false"/>
            <line number="112" hits="0" branch="true" condition-coverage="0% (0/2)">
              <conditions>
                <condition number="0" type="jump" coverage="0%"/>
              </conditions>
            </line>
            <line number="113" hits="0" branch="false"/>
            <line number="115" hits="0" branch="false"/>
            <line number="116" hits="0" branch="true" condition-coverage="0% (0/2)">
              <conditions>
                <condition number="0" type="jump" coverage="0%"/>
              </conditions>
            </line>
            <line number="117" hits="0" branch="false"/>
            <line number="119" hits="0" branch="false"/>
            <line number="120" hits="0" branch="true" condition-coverage="0% (0/2)">
              <conditions>
                <condition number="0" type="jump" coverage="0%"/>
              </conditions>
            </line>
            <line number="121" hits="0" branch="false"/>
            <line number="124" hits="0" branch="true" condition-coverage="0% (0/2)">
              <conditions>
                <condition number="0" type="jump" coverage="0%"/>
              </conditions>
            </line>
            <line number="126" hits="0" branch="true" condition-coverage="0% (0/2)">
              <conditions>
                <condition number="0" type="jump" coverage="0%"/>
              </conditions>
            </line>
            <line number="127" hits="0" branch="false"/>
            <line number="128" hits="0" branch="false"/>
            <line number="131" hits="0" branch="false"/>
            <line number="133" hits="0" branch="false"/>
            <line number="134" hits="0" branch="false"/>
            <line number="136" hits="0" branch="true" condition-coverage="0% (0/2)">
              <conditions>
                <condition number="0" type="jump" coverage="0%"/>
              </conditions>
            </line>
            <line number="137" hits="0" branch="false"/>
            <line number="138" hits="0" branch="false"/>
            <line number="143" hits="0" branch="false"/>
            <line number="144" hits="0" branch="false"/>
            <line number="146" hits="0" branch="false"/>
            <line number="148" hits="0" branch="false"/>
            <line number="149" hits="0" branch="false"/>
            <line number="151" hits="0" branch="true" condition-coverage="0% (0/2)">
              <conditions>
                <condition number="0" type="jump" coverage="0%"/>
              </conditions>
            </line>
            <line number="152" hits="0" branch="false"/>
            <line number="155" hits="0" branch="true" condition-coverage="0% (0/2)">
              <conditions>
                <condition number="0" type="jump" coverage="0%"/>
              </conditions>
            </line>
            <line number="156" hits="0" branch="false"/>
            <line number="157" hits="0" branch="false"/>
            <line number="162" hits="0" branch="false"/>
            <line number="163" hits="0" branch="false"/>
            <line number="166" hits="0" branch="false"/>
            <line number="167" hits="0" branch="false"/>
            <line number="172" hits="0" branch="false"/>
            <line number="173" hits="0" branch="false"/>
            <line number="174" hits="0" branch="false"/>
            <line number="176" hits="0" branch="false"/>
            <line number="177" hits="0" branch="false"/>
            <line number="180" hits="0" branch="false"/>
          </lines>
        </class>
      </classes>
    </package>
  </packages>
</coverage>
